This is pdfTeXk, Version 3.141592-1.40.3 (Web2C 7.5.6) (format=latex 2010.2.3)  20 FEB 2010 12:54
entering extended mode
 %&-line parsing enabled.
**\makeatletter\def\HCode{\futurelet\HCode\HChar}\def\HChar{\ifx"\HCode\def\HCo
de"##1"{\Link##1}\expandafter\HCode\else\expandafter\Link\fi}\def\Link#1.a.b.c.
{\g@addto@macro\@documentclasshook{\RequirePackage[#1,html]{tex4ht}}\let\HCode\
documentstyle\def\documentstyle{\let\documentstyle\HCode\expandafter\def\csname
 tex4ht\endcsname{#1,html}\def\HCode####1{\documentstyle[tex4ht,}\@ifnextchar[{
\HCode}{\documentstyle[tex4ht]}}}\makeatother\HCode xhtml,fn-in.a.b.c.\input  .
./../../literate.tex
(../../../literate.tex (/usr/share/texmf-texlive/tex/latex/base/article.cls
Document Class: article 2005/09/16 v1.4f Standard LaTeX document class
(/usr/share/texmf-texlive/tex/latex/base/size10.clo
File: size10.clo 2005/09/16 v1.4f Standard LaTeX file (size option)
)
\c@part=\count79
\c@section=\count80
\c@subsection=\count81
\c@subsubsection=\count82
\c@paragraph=\count83
\c@subparagraph=\count84
\c@figure=\count85
\c@table=\count86
\abovecaptionskip=\skip41
\belowcaptionskip=\skip42
\bibindent=\dimen102
)
(/usr/share/texmf/tex/generic/tex4ht/tex4ht.sty
version 2008-10-27-17:23
Package: tex4ht 
--------------------------------------
--- Note --- for _ at preamble, use the command line option `early_'
--------------------------------------
--------------------------------------
--- Note --- for ^ at preamble, use the command line option `early^'
--------------------------------------
\tmp:toks=\toks14
)
(/usr/share/texmf/tex/generic/tex4ht/usepackage.4ht
version 2009-05-21-09:32
)
(/usr/share/texmf-texlive/tex/latex/base/fontenc.sty
Package: fontenc 2005/09/27 v1.99g Standard LaTeX package

(/usr/share/texmf-texlive/tex/latex/base/t1enc.def
File: t1enc.def 2005/09/27 v1.99g Standard LaTeX file
LaTeX Font Info:    Redeclaring font encoding T1 on input line 43.
))
(/usr/share/texmf-texlive/tex/latex/base/inputenc.sty
Package: inputenc 2006/05/05 v1.1b Input encoding file
\inpenc@prehook=\toks15
\inpenc@posthook=\toks16

(/usr/share/texmf/tex/latex/html/latin9.def
File: latin1.def 1998/03/05 v0.97 Input encoding file(test version: still liabl
e to change)
))
(/usr/share/texmf-texlive/tex/latex/listings/listings.sty
(/usr/share/texmf-texlive/tex/latex/graphics/keyval.sty
Package: keyval 1999/03/16 v1.13 key=value parser (DPC)
\KV@toks@=\toks17
)
\lst@mode=\count87
\lst@gtempboxa=\box26
\lst@token=\toks18
\lst@length=\count88
\lst@currlwidth=\dimen103
\lst@column=\count89
\lst@pos=\count90
\lst@lostspace=\dimen104
\lst@width=\dimen105
\lst@newlines=\count91
\lst@lineno=\count92
\c@lstlisting=\count93
\lst@maxwidth=\dimen106

(/usr/share/texmf-texlive/tex/latex/listings/lstpatch.sty
File: lstpatch.sty 2004/10/17 1.3b (Carsten Heinz)
)
(/usr/share/texmf-texlive/tex/latex/listings/lstmisc.sty
File: lstmisc.sty 2004/09/07 1.3 (Carsten Heinz)
\c@lstnumber=\count94
\lst@skipnumbers=\count95
\lst@framebox=\box27
)
(/usr/share/texmf-texlive/tex/latex/listings/listings.cfg
File: listings.cfg 2004/09/05 1.3 listings configuration
))
Package: listings 2004/10/17 1.3b (Carsten Heinz)

(/usr/share/texmf-texlive/tex/generic/babel/babel.sty
Package: babel 2005/11/23 v3.8h The Babel package

(/usr/share/texmf-texlive/tex/generic/babel/english.ldf
Language: english 2005/03/30 v3.3o English support from the babel system

(/usr/share/texmf-texlive/tex/generic/babel/babel.def
File: babel.def 2005/11/23 v3.8h Babel common definitions
\babel@savecnt=\count96
\U@D=\dimen107
)
\l@british = a dialect from \language\l@english 
\l@UKenglish = a dialect from \language\l@english 
\l@canadian = a dialect from \language\l@american 
\l@australian = a dialect from \language\l@british 
\l@newzealand = a dialect from \language\l@british 
))
(/usr/share/texmf-texlive/tex/latex/hyperref/hyperref.sty
Package: hyperref 2007/02/07 v6.75r Hypertext links for LaTeX
\@linkdim=\dimen108
\Hy@linkcounter=\count97
\Hy@pagecounter=\count98

(/usr/share/texmf-texlive/tex/latex/hyperref/pd1enc.def
File: pd1enc.def 2007/02/07 v6.75r Hyperref: PDFDocEncoding definition (HO)
)
(/etc/texmf/tex/latex/config/hyperref.cfg
File: hyperref.cfg 2002/06/06 v1.2 hyperref configuration of TeXLive
)
(/usr/share/texmf-texlive/tex/latex/oberdiek/kvoptions.sty
Package: kvoptions 2006/08/22 v2.4 Connects package keyval with LaTeX options (
HO)
)
Package hyperref Info: Option `colorlinks' set `true' on input line 2238.
Package hyperref Info: Option `unicode' set `true' on input line 2238.

(/usr/share/texmf-texlive/tex/latex/hyperref/puenc.def
File: puenc.def 2007/02/07 v6.75r Hyperref: PDF Unicode definition (HO)
)
Package hyperref Info: Option `pdfusetitle' set `true' on input line 2238.
Package hyperref Info: Option `bookmarks' set `true' on input line 2238.
Package hyperref Info: Option `bookmarksnumbered' set `false' on input line 223
8.
Package hyperref Info: Option `bookmarksopen' set `false' on input line 2238.
Package hyperref Info: Option `breaklinks' set `false' on input line 2238.
Package hyperref Info: Option `colorlinks' set `false' on input line 2238.
Package hyperref Info: Hyper figures OFF on input line 2288.
Package hyperref Info: Link nesting OFF on input line 2293.
Package hyperref Info: Hyper index ON on input line 2296.
Package hyperref Info: Plain pages OFF on input line 2303.
Package hyperref Info: Backreferencing OFF on input line 2308.

Implicit mode ON; LaTeX internals redefined
Package hyperref Info: Bookmarks ON on input line 2444.
(/usr/share/texmf-texlive/tex/latex/ltxmisc/url.sty
\Urlmuskip=\muskip10
Package: url 2005/06/27  ver 3.2  Verb mode for urls, etc.
)
LaTeX Info: Redefining \url on input line 2599.
\Fld@menulength=\count99
\Field@Width=\dimen109
\Fld@charsize=\dimen110
\Choice@toks=\toks19
\Field@toks=\toks20
Package hyperref Info: Hyper figures OFF on input line 3102.
Package hyperref Info: Link nesting OFF on input line 3107.
Package hyperref Info: Hyper index ON on input line 3110.
Package hyperref Info: backreferencing OFF on input line 3117.
Package hyperref Info: Link coloring OFF on input line 3122.
\Hy@abspage=\count100

Hyperref stopped early
)
*hyperref using driver htex4ht*
(/usr/share/texmf-texlive/tex/latex/hyperref/htex4ht.def
File: htex4ht.def 2007/02/07 v6.75r Hyperref driver for TeX4ht

hyperref tex4ht: tex4ht already loaded
) (/usr/share/texmf-texlive/tex/latex/footmisc/footmisc.sty
Package: footmisc 2005/03/17 v5.3d a miscellany of footnote facilities
\FN@temptoken=\toks21
\footnotemargin=\dimen111
\c@pp@next@reset=\count101
Package footmisc Info: Declaring symbol style bringhurst on input line 817.
Package footmisc Info: Declaring symbol style chicago on input line 818.
Package footmisc Info: Declaring symbol style wiley on input line 819.
Package footmisc Info: Declaring symbol style lamport-robust on input line 823.

Package footmisc Info: Declaring symbol style lamport* on input line 831.
Package footmisc Info: Declaring symbol style lamport*-robust on input line 840
.
)
(/usr/share/texmf-texlive/tex/latex/listings/lstlang1.sty
File: lstlang1.sty 2004/09/05 1.3 listings language file
)
(/usr/share/texmf-texlive/tex/latex/listings/lstmisc.sty
File: lstmisc.sty 2004/09/07 1.3 (Carsten Heinz)
)
(/usr/share/texmf/tex/generic/tex4ht/tex4ht.4ht
version 2009-01-07-07:11
--------------------------------------
--- Note --- for additional information, use the command line option `info'
--------------------------------------

::::::::::::::::::::::::::::::::::::::::::
 TeX4ht info is available in the log file 
::::::::::::::::::::::::::::::::::::::::::
) (/usr/share/texmf/tex/generic/tex4ht/tex4ht.sty
version 2008-10-27-17:23

(/usr/share/texmf-texlive/tex/latex/graphics/color.sty
Package: color 2005/11/14 v1.0j Standard LaTeX Color (DPC)

(/etc/texmf/tex/latex/config/color.cfg
File: color.cfg 2007/01/18 v1.5 color configuration of teTeX/TeXLive
)
Package color Info: Driver file: dvips.def on input line 130.

(/usr/share/texmf-texlive/tex/latex/graphics/dvips.def
File: dvips.def 1999/02/16 v3.0i Driver-dependant file (DPC,SPQR)
)
(/usr/share/texmf-texlive/tex/latex/graphics/dvipsnam.def
File: dvipsnam.def 1999/02/16 v3.0i Driver-dependant file (DPC,SPQR)
))
--- needs --- tex4ht literate ---
\tmp:cnt=\count102
\openout15 = `literate.tmp'.

(./literate.tmp)
\tmp:dim=\skip43
 (./literate.xref)
\:refout=\write3
\openout3 = `literate.xref'.


(/usr/share/texmf/tex/generic/tex4ht/html4.4ht
version 2009-05-18-23:01
--------------------------------------
--- Note --- to remove the <?xml version=...?> processing instruction use the c
ommand line option `no-VERSION'
--------------------------------------
--------------------------------------
--- Note --- to remove the DOCTYPE declaration use the command line option `no-
DOCTYPE'
--------------------------------------
)
(/usr/share/texmf/tex/generic/tex4ht/html4-math.4ht
version 2009-05-18-23:01
)
--------------------------------------
--- Note --- for marking of the base font, use the command line option `fonts+'

--------------------------------------
--------------------------------------
--- Note --- for non active _, use the command line option `no_'
--------------------------------------
--------------------------------------
--- Note --- for _ of catcode 13, use the command line option `_13'
--------------------------------------
--------------------------------------
--- Note --- for non active ^, use the command line option `no^'
--------------------------------------
--------------------------------------
--- Note --- for ^ of catcode 13, use the command line option `^13'
--------------------------------------

(/usr/share/texmf/tex/generic/tex4ht/html4.4ht
version 2009-05-18-23:01
--------------------------------------
--- Note --- for alternative charset, use the command line option `charset=...'

--------------------------------------
--------------------------------------
--- Note --- to ignore CSS font decoration, use the `NoFonts' command line opti
on
--------------------------------------
--------------------------------------
--- Note --- for jpg bitmaps of pictures, use the `jpg' command line option. (C
haracter bitmaps are controled only by `g' records of tex4ht.env and `-g' switc
hes of tex4ht.c) 
--------------------------------------
--------------------------------------
--- Note --- for gif bitmaps of pictures, use the `gif' command line option. (C
haracter bitmaps are controled only by `g' records of tex4ht.env and `-g' switc
hes of tex4ht.c) 
--------------------------------------
--------------------------------------
--- Note --- for content and toc in 2 frames, use the command line option `fram
es'
--------------------------------------
--------------------------------------
--- Note --- for content, toc, and footnotes in 3 frames, use the command line 
option `frames-fn'
--------------------------------------
--------------------------------------
--- Note --- for file extension name xht, use the command line option `xht'
--------------------------------------
TeX4ht package options: xhtml,fn-in,html
--------------------------------------
--- Note --- to ignore CSS code, use the command line option `-css
--------------------------------------
--------------------------------------
--- Note --- for inline CSS code, use the command line option `css-in'
--------------------------------------
--------------------------------------
--- Note --- for pop ups on mouse over, use the command line option `mouseover'

--------------------------------------
--------------------------------------
--- Note --- for addressing images in a subdirectory, use the command line opti
on `imgdir:.../'
--------------------------------------
)
(/usr/share/texmf/tex/generic/tex4ht/html4-math.4ht
version 2009-05-18-23:01
)
\:tokwrite=\toks22
\:tokpage=\toks23
--------------------------------------
--- Note --- for back links to toc, use the command line option `sections+'
--------------------------------------
--------------------------------------
--- Note --- for linear crosslinks of pages, use the command line option `next'

--------------------------------------
\openout15 = `literate.4ct'.

\:tocout=\write4
\openout4 = `literate.4tc'.


(/usr/share/texmf/tex/generic/tex4ht/html4.4ht
version 2009-05-18-23:01
)
(/usr/share/texmf/tex/generic/tex4ht/html4-math.4ht
version 2009-05-18-23:01
)
(/usr/share/texmf/tex/generic/tex4ht/latex.4ht
version 2009-05-21-09:32
--------------------------------------
--- Note --- for links into captions, instead of float heads, use the command l
ine option `refcaption'
--------------------------------------

(/usr/share/texmf/tex/generic/tex4ht/html4.4ht
version 2009-05-18-23:01
--------------------------------------
--- Note --- For mini tocs immediately aftter the header use the command line o
ption `minitoc<'
--------------------------------------
--------------------------------------
--- Note --- for enumerated list elements with valued data, use the command lin
e option `enumerate+'
--------------------------------------
--------------------------------------
--- Note --- for enumerated list elements li's with value attributes, use the c
ommand line option `enumerate-'
--------------------------------------
--------------------------------------
--- Note --- for CSS2 code, use the command line option `css2'
--------------------------------------
--------------------------------------
--- Note --- for pictorial tabular, use the command line option `pic-tabular'
--------------------------------------
--------------------------------------
--- Note --- for bitmap fbox'es, use the command line option `pic-fbox'
--------------------------------------
--------------------------------------
--- Note --- for bitmap framebox'es, use the command line option `pic-framebox'

--------------------------------------
\fn:box=\box28
--------------------------------------
--- Note --- for tracing of latex font commands, use the command line option `f
onts'
--------------------------------------
--------------------------------------
--- Note --- for width specifications of tabular p entries, use the `p-width' c
ommand line option or a configuration similar to \Configure{HColWidth}{\HCode{ 
style="width:\HColWidth"}}
--------------------------------------
)
(/usr/share/texmf/tex/generic/tex4ht/html4-math.4ht
version 2009-05-18-23:01
--------------------------------------
--- Note --- for pictorial eqnarray, use the command line option `pic-eqnarray'

--------------------------------------
--------------------------------------
--- Note --- for pictorial array, use the command line option `pic-array'
--------------------------------------
--------------------------------------
--- Note --- for pictorial $...$ environments, use the command line option `pic
-m' (not recommended!!)
--------------------------------------
--------------------------------------
--- Note --- for pictorial $...$ and $$...$$ environments with latex alt, use t
he command line option `pic-m+' (not safe!!)
--------------------------------------
--------------------------------------
--- Note --- for pictorial array, use the command line option `pic-array'
--------------------------------------
))
(/usr/share/texmf/tex/generic/tex4ht/fontmath.4ht
version 2009-05-21-09:32

(/usr/share/texmf/tex/generic/tex4ht/html4.4ht
version 2009-05-18-23:01
)
(/usr/share/texmf/tex/generic/tex4ht/html4-math.4ht
version 2009-05-18-23:01
))
(/usr/share/texmf/tex/generic/tex4ht/article.4ht
version 2009-05-21-09:32

(/usr/share/texmf/tex/generic/tex4ht/html4.4ht
version 2009-05-18-23:01
--------------------------------------
--- Note --- for automatic sectioning pagination, use the command line option `
1', `2', `3', '4', '5', '6', or '7'
--------------------------------------
--------------------------------------
--- Note --- for files named derived from section titles, use the command line 
option `sec-filename'
--------------------------------------
--------------------------------------
--- Note --- for i-columns index, use the command line option `index=i' (e.g., 
index=2)
--------------------------------------
)
(/usr/share/texmf/tex/generic/tex4ht/html4-math.4ht
version 2009-05-18-23:01
))
(/usr/share/texmf/tex/generic/tex4ht/inputenc.4ht
version 2009-05-21-09:32

(/usr/share/texmf/tex/generic/tex4ht/html4.4ht
version 2009-05-18-23:01
)
(/usr/share/texmf/tex/generic/tex4ht/html4-math.4ht
version 2009-05-18-23:01
))
(/usr/share/texmf/tex/generic/tex4ht/latin1.4ht
version 2009-05-21-09:32

(/usr/share/texmf/tex/generic/tex4ht/html4.4ht
version 2009-05-18-23:01
)
(/usr/share/texmf/tex/generic/tex4ht/html4-math.4ht
version 2009-05-18-23:01
))
(/usr/share/texmf/tex/generic/tex4ht/listings.4ht
version 2009-05-21-09:32

(/usr/share/texmf/tex/generic/tex4ht/html4.4ht
version 2009-05-18-23:01
--------------------------------------
--- Note --- to ensure proper alignments use fixed size fonts (see listings.dtx
)
--------------------------------------
)
(/usr/share/texmf/tex/generic/tex4ht/html4-math.4ht
version 2009-05-18-23:01
))
(/usr/share/texmf/tex/generic/tex4ht/babel.4ht
version 2009-05-21-09:32

(/usr/share/texmf/tex/generic/tex4ht/html4.4ht
version 2009-05-18-23:01
)
(/usr/share/texmf/tex/generic/tex4ht/html4-math.4ht
version 2009-05-18-23:01
))
(/usr/share/texmf/tex/generic/tex4ht/english.4ht
version 2009-05-21-09:32

(/usr/share/texmf/tex/generic/tex4ht/html4.4ht
version 2009-05-18-23:01
)
(/usr/share/texmf/tex/generic/tex4ht/html4-math.4ht
version 2009-05-18-23:01
))
(/usr/share/texmf/tex/generic/tex4ht/hyperref.4ht
version 2009-05-21-09:32

(/usr/share/texmf-texlive/tex/latex/hyperref/nameref.sty
Package: nameref 2006/12/27 v2.28 Cross-referencing by name of section

(/usr/share/texmf-texlive/tex/latex/oberdiek/refcount.sty
Package: refcount 2006/02/20 v3.0 Data extraction from references (HO)
)
\c@section@level=\count103
)
(/usr/share/texmf/tex/generic/tex4ht/nameref.4ht
version 2009-05-21-09:32

(/usr/share/texmf/tex/generic/tex4ht/html4.4ht
version 2009-05-18-23:01
)
(/usr/share/texmf/tex/generic/tex4ht/html4-math.4ht
version 2009-05-18-23:01
))
LaTeX Info: Redefining \autoref on input line 99.

l.382 --- TeX4ht warning --- \href of hyperref.sty introduces the prefix `file:
' to prefix-free references. The command \hyperlinkfileprefix{...} may be used 
for changing the prefix (probably \hyperlinkfileprefix{}). ---
(/usr/share/texmf/tex/generic/tex4ht/html4.4ht
version 2009-05-18-23:01
)
(/usr/share/texmf/tex/generic/tex4ht/html4-math.4ht
version 2009-05-18-23:01
))
(/usr/share/texmf/tex/generic/tex4ht/pd1enc.4ht
version 2009-05-21-09:32

(/usr/share/texmf/tex/generic/tex4ht/html4.4ht
version 2009-05-18-23:01
)
(/usr/share/texmf/tex/generic/tex4ht/html4-math.4ht
version 2009-05-18-23:01
))
(/usr/share/texmf/tex/generic/tex4ht/url.4ht
version 2009-05-21-09:32

(/usr/share/texmf/tex/generic/tex4ht/html4.4ht
version 2009-05-18-23:01
--------------------------------------
--- Note --- for URL encoding within href use the command line option `url-enc'

--------------------------------------
)
(/usr/share/texmf/tex/generic/tex4ht/html4-math.4ht
version 2009-05-18-23:01
))
(/usr/share/texmf/tex/generic/tex4ht/footmisc.4ht
version 2009-05-21-09:32

(/usr/share/texmf/tex/generic/tex4ht/html4.4ht
version 2009-05-18-23:01
)
(/usr/share/texmf/tex/generic/tex4ht/html4-math.4ht
version 2009-05-18-23:01
))
(/usr/share/texmf/tex/generic/tex4ht/color.4ht
version 2009-05-21-09:32

(/usr/share/texmf/tex/generic/tex4ht/html4.4ht
version 2009-05-18-23:01
)
(/usr/share/texmf/tex/generic/tex4ht/html4-math.4ht
version 2009-05-18-23:01
))
(/usr/share/texmf/tex/generic/tex4ht/dvips.4ht
version 2009-05-21-09:32

(/usr/share/texmf/tex/generic/tex4ht/html4.4ht
version 2009-05-18-23:01
)
(/usr/share/texmf/tex/generic/tex4ht/html4-math.4ht
version 2009-05-18-23:01
))
(/usr/share/texmf/tex/generic/tex4ht/dvipsnam.4ht
version 2009-05-21-09:32

(/usr/share/texmf-texlive/tex/latex/graphics/dvipsnam.def)
(/usr/share/texmf/tex/generic/tex4ht/html4.4ht
version 2009-05-18-23:01
)
(/usr/share/texmf/tex/generic/tex4ht/html4-math.4ht
version 2009-05-18-23:01
))
(/usr/share/texmf/tex/generic/tex4ht/html4.4ht
version 2009-05-18-23:01
)
(/usr/share/texmf/tex/generic/tex4ht/html4-math.4ht
version 2009-05-18-23:01
)) (./literate.aux)
\openout1 = `literate.aux'.

LaTeX Font Info:    Checking defaults for OML/cmm/m/it on input line 67.
LaTeX Font Info:    ... okay on input line 67.
LaTeX Font Info:    Checking defaults for T1/cmr/m/n on input line 67.
LaTeX Font Info:    ... okay on input line 67.
LaTeX Font Info:    Checking defaults for OT1/cmr/m/n on input line 67.
LaTeX Font Info:    ... okay on input line 67.
LaTeX Font Info:    Checking defaults for OMS/cmsy/m/n on input line 67.
LaTeX Font Info:    ... okay on input line 67.
LaTeX Font Info:    Checking defaults for OMX/cmex/m/n on input line 67.
LaTeX Font Info:    ... okay on input line 67.
LaTeX Font Info:    Checking defaults for U/cmr/m/n on input line 67.
LaTeX Font Info:    ... okay on input line 67.
LaTeX Font Info:    Checking defaults for PD1/pdf/m/n on input line 67.
LaTeX Font Info:    ... okay on input line 67.
LaTeX Font Info:    Checking defaults for PU/pdf/m/n on input line 67.
LaTeX Font Info:    ... okay on input line 67.
Package hyperref Info: Link coloring OFF on input line 67.
LaTeX Info: Redefining \ref on input line 67.
LaTeX Info: Redefining \pageref on input line 67.
--- file literate.css ---
LaTeX Font Info:    Try loading font information for T1+cmtt on input line 69.

(/usr/share/texmf-texlive/tex/latex/base/t1cmtt.fd
File: t1cmtt.fd 1999/05/25 v2.5h Standard LaTeX font definitions
)
LaTeX Font Info:    Try loading font information for OMS+cmr on input line 84.

(/usr/share/texmf-texlive/tex/latex/base/omscmr.fd
File: omscmr.fd 1999/05/25 v2.5h Standard LaTeX font definitions
)
LaTeX Font Info:    Font shape `OMS/cmr/m/n' in size <10> not available
(Font)              Font shape `OMS/cmsy/m/n' tried instead on input line 84.
 [1

] (./literate.4ct
[2]) [3] [4] [5]
LaTeX Font Info:    Font shape `T1/cmtt/bx/n' in size <8> not available
(Font)              Font shape `T1/cmtt/m/n' tried instead on input line 332.
 [6] [7] [8] [9] [10] [11] (./literate.aux) ) 
Here is how much of TeX's memory you used:
 9480 strings out of 95087
 116541 string characters out of 1183279
 303981 words of memory out of 1500000
 12482 multiletter control sequences out of 10000+50000
 17237 words of font info for 34 fonts, out of 1200000 for 2000
 28 hyphenation exceptions out of 8191
 32i,8n,52p,785b,1184s stack positions out of 5000i,500n,6000p,200000b,5000s

Output written on literate.dvi (11 pages, 77992 bytes).
